<!DOCTYPE html PUBLIC "-//W3C//DTD XHTML 1.1//EN" "https://www.w3.org/TR/xhtml11/DTD/xhtml11.dtd">
<html xmlns="https://www.w3.org/1999/xhtml">
<head>
<meta http-equiv="content-type" content="text/html; charset=UTF-8"/>
<title>TestNG Report</title>
<style type="text/css">table {margin-bottom:10px;border-collapse:collapse;empty-cells:show}th,td {border:1px solid #009;padding:.25em .5em}th {vertical-align:bottom}td {vertical-align:top}table a {font-weight:bold}.stripe td {background-color: #E6EBF9}.num {text-align:right}.passedodd td {background-color: #3F3}.passedeven td {background-color: #0A0}.skippedodd td {background-color: #DDD}.skippedeven td {background-color: #CCC}.failedodd td,.attn {background-color: #F33}.failedeven td,.stripe .attn {background-color: #D00}.stacktrace {white-space:pre;font-family:monospace}.totop {font-size:85%;text-align:center;border-bottom:2px solid #000}.invisible {display:none}</style>
</head>
<body>
<table>
<tr><th>Test</th><th># Passed</th><th># Skipped</th><th># Retried</th><th># Failed</th><th>Time (ms)</th><th>Included Groups</th><th>Excluded Groups</th></tr>
<tr><th colspan="8">SuiteJanitri</th></tr>
<tr><td><a href="#t0">FunctionalTesting</a></td><td class="num">2</td><td class="num">0</td><td class="num">0</td><td class="num attn">3</td><td class="num">150,124</td><td></td><td></td></tr>
</table>
<table id='summary'><thead><tr><th>Class</th><th>Method</th><th>Start</th><th>Time (ms)</th></tr></thead><tbody><tr><th colspan="4">SuiteJanitri</th></tr></tbody><tbody id="t0"><tr><th colspan="4">FunctionalTesting &#8212; failed</th></tr><tr class="failedeven"><td rowspan="3">testCases.TC001_LoginAccount</td><td><a href="#m0">testErrorMessageWhenFieldAreEmptyAndLoginButtonEnabledCase2</a></td><td rowspan="1">1754319069156</td><td rowspan="1">31557</td></tr><tr class="failedeven"><td><a href="#m1">testInvalidLoginShowErrorMsg</a></td><td rowspan="1">1754319112137</td><td rowspan="1">32386</td></tr><tr class="failedeven"><td><a href="#m2">testLoginButtonDisabledWhenFieldAreEmptyCase1</a></td><td rowspan="1">1754319049946</td><td rowspan="1">1947</td></tr><tr><th colspan="4">FunctionalTesting &#8212; passed</th></tr><tr class="passedeven"><td rowspan="2">testCases.TC001_LoginAccount</td><td><a href="#m3">testPasswordMaskedbutton</a></td><td rowspan="1">1754319158197</td><td rowspan="1">4201</td></tr><tr class="passedeven"><td><a href="#m4">testUIElementsPresence</a></td><td rowspan="1">1754319174422</td><td rowspan="1">3987</td></tr></tbody>
</table>
<h2>FunctionalTesting</h2><h3 id="m0">testCases.TC001_LoginAccount#testErrorMessageWhenFieldAreEmptyAndLoginButtonEnabledCase2</h3><table class="result"><tr><th>Messages</th></tr><tr><td><div class="messages">Test Case:2.
testErrorMessageWhenFieldAreEmptyAndLoginButtonEnabledCase2 started executing...<br/>testErrorMessageWhenFieldAreEmptyAndLoginButtonEnabledCase2 got failed.<br/>--Taken screenshot:testErrorMessageWhenFieldAreEmptyAndLoginButtonEnabledCase2</div></td></tr><tr><th>Exception</th></tr><tr><td><div class="stacktrace">org.openqa.selenium.ScriptTimeoutException: script timeout
  (Session info: chrome=138.0.7204.184)
Build info: version: &apos;4.34.0&apos;, revision: &apos;707dcb4246*&apos;
System info: os.name: &apos;Windows 10&apos;, os.arch: &apos;amd64&apos;, os.version: &apos;10.0&apos;, java.version: &apos;21.0.1&apos;
Driver info: org.openqa.selenium.chrome.ChromeDriver
Command: [e594f70c371d22f3ebe0bc30c1a7ef3c, executeAsyncScript {script=arguments[0].click();, args=[{element-6066-11e4-a52e-4f735466cecf=f.BD27BD1E4104C5AC05195677CBDDD76B.d.12E9603FF98F91389240507A489B3407.e.12}]}]
Capabilities {acceptInsecureCerts: false, browserName: chrome, browserVersion: 138.0.7204.184, chrome: {chromedriverVersion: 138.0.7204.183 (e90faf484dd..., userDataDir: C:\Users\UDAYAS~1\AppData\L...}, fedcm:accounts: true, goog:chromeOptions: {debuggerAddress: localhost:53828}, networkConnectionEnabled: false, pageLoadStrategy: normal, platformName: windows, proxy: Proxy(), se:cdp: ws://localhost:53828/devtoo..., se:cdpVersion: 138.0.7204.184, setWindowRect: true, strictFileInteractability: false, timeouts: {implicit: 0, pageLoad: 300000, script: 30000}, unhandledPromptBehavior: dismiss and notify, webauthn:extension:credBlob: true, webauthn:extension:largeBlob: true, webauthn:extension:minPinLength: true, webauthn:extension:prf: true, webauthn:virtualAuthenticators: true}
Session ID: e594f70c371d22f3ebe0bc30c1a7ef3c
	at org.openqa.selenium.remote.ErrorCodec.decode(ErrorCodec.java:167)
	at org.openqa.selenium.remote.codec.w3c.W3CHttpResponseCodec.decode(W3CHttpResponseCodec.java:138)
	at org.openqa.selenium.remote.codec.w3c.W3CHttpResponseCodec.decode(W3CHttpResponseCodec.java:50)
	at org.openqa.selenium.remote.HttpCommandExecutor.execute(HttpCommandExecutor.java:215)
	at org.openqa.selenium.remote.service.DriverCommandExecutor.invokeExecute(DriverCommandExecutor.java:216)
	at org.openqa.selenium.remote.service.DriverCommandExecutor.execute(DriverCommandExecutor.java:174)
	at org.openqa.selenium.remote.RemoteWebDriver.execute(RemoteWebDriver.java:544)
	at org.openqa.selenium.remote.RemoteWebDriver.executeAsyncScript(RemoteWebDriver.java:483)
	at pageObjects.LoginPage.clickLoginButton(LoginPage.java:75)
	at testCases.TC001_LoginAccount.testErrorMessageWhenFieldAreEmptyAndLoginButtonEnabledCase2(TC001_LoginAccount.java:59)
	at java.base/java.util.ArrayList.forEach(ArrayList.java:1596)
... Removed 28 stack frames</div></td></tr></table><p class="totop"><a href="#summary">back to summary</a></p>
<h3 id="m1">testCases.TC001_LoginAccount#testInvalidLoginShowErrorMsg</h3><table class="result"><tr><th>Messages</th></tr><tr><td><div class="messages">Test Case:3.
testInvalidLoginShowErrorMsg started executing...<br/>Attempting login with Email: sNBOfG@gmail.com, Password: kesSkcwn<br/>testInvalidLoginShowErrorMsg got failed.<br/>--Taken screenshot:testInvalidLoginShowErrorMsg</div></td></tr><tr><th>Exception</th></tr><tr><td><div class="stacktrace">org.openqa.selenium.ScriptTimeoutException: script timeout
  (Session info: chrome=138.0.7204.184)
Build info: version: &apos;4.34.0&apos;, revision: &apos;707dcb4246*&apos;
System info: os.name: &apos;Windows 10&apos;, os.arch: &apos;amd64&apos;, os.version: &apos;10.0&apos;, java.version: &apos;21.0.1&apos;
Driver info: org.openqa.selenium.chrome.ChromeDriver
Command: [c4bd99a3aca8d90bcb073ce90bee4d17, executeAsyncScript {script=arguments[0].click();, args=[{element-6066-11e4-a52e-4f735466cecf=f.1CD503A066ECF0F94CF72DAC7F5B9540.d.90469ABDCD614F7EBB2D1BCE47BB7F7F.e.9}]}]
Capabilities {acceptInsecureCerts: false, browserName: chrome, browserVersion: 138.0.7204.184, chrome: {chromedriverVersion: 138.0.7204.183 (e90faf484dd..., userDataDir: C:\Users\UDAYAS~1\AppData\L...}, fedcm:accounts: true, goog:chromeOptions: {debuggerAddress: localhost:53872}, networkConnectionEnabled: false, pageLoadStrategy: normal, platformName: windows, proxy: Proxy(), se:cdp: ws://localhost:53872/devtoo..., se:cdpVersion: 138.0.7204.184, setWindowRect: true, strictFileInteractability: false, timeouts: {implicit: 0, pageLoad: 300000, script: 30000}, unhandledPromptBehavior: dismiss and notify, webauthn:extension:credBlob: true, webauthn:extension:largeBlob: true, webauthn:extension:minPinLength: true, webauthn:extension:prf: true, webauthn:virtualAuthenticators: true}
Session ID: c4bd99a3aca8d90bcb073ce90bee4d17
	at org.openqa.selenium.remote.ErrorCodec.decode(ErrorCodec.java:167)
	at org.openqa.selenium.remote.codec.w3c.W3CHttpResponseCodec.decode(W3CHttpResponseCodec.java:138)
	at org.openqa.selenium.remote.codec.w3c.W3CHttpResponseCodec.decode(W3CHttpResponseCodec.java:50)
	at org.openqa.selenium.remote.HttpCommandExecutor.execute(HttpCommandExecutor.java:215)
	at org.openqa.selenium.remote.service.DriverCommandExecutor.invokeExecute(DriverCommandExecutor.java:216)
	at org.openqa.selenium.remote.service.DriverCommandExecutor.execute(DriverCommandExecutor.java:174)
	at org.openqa.selenium.remote.RemoteWebDriver.execute(RemoteWebDriver.java:544)
	at org.openqa.selenium.remote.RemoteWebDriver.executeAsyncScript(RemoteWebDriver.java:483)
	at pageObjects.LoginPage.clickLoginButton(LoginPage.java:75)
	at testCases.TC001_LoginAccount.testInvalidLoginShowErrorMsg(TC001_LoginAccount.java:77)
	at java.base/java.util.ArrayList.forEach(ArrayList.java:1596)
... Removed 28 stack frames</div></td></tr></table><p class="totop"><a href="#summary">back to summary</a></p>
<h3 id="m2">testCases.TC001_LoginAccount#testLoginButtonDisabledWhenFieldAreEmptyCase1</h3><table class="result"><tr><th>Messages</th></tr><tr><td><div class="messages">Test Case:1.
testLoginButtonDisabledWhenFieldAreEmptyCase1 started executing...<br/>testLoginButtonDisabledWhenFieldAreEmptyCase1 got failed.<br/>--Taken screenshot:testLoginButtonDisabledWhenFieldAreEmptyCase1</div></td></tr><tr><th>Exception</th></tr><tr><td><div class="stacktrace">java.lang.AssertionError: Login credentials are empty, still Login button is enabled expected [false] but found [true]
	at testCases.TC001_LoginAccount.testLoginButtonDisabledWhenFieldAreEmptyCase1(TC001_LoginAccount.java:48)
	at java.base/java.util.ArrayList.forEach(ArrayList.java:1596)
... Removed 28 stack frames</div></td></tr></table><p class="totop"><a href="#summary">back to summary</a></p>
<h3 id="m3">testCases.TC001_LoginAccount#testPasswordMaskedbutton</h3><table class="result"><tr><th>Messages</th></tr><tr><td><div class="messages">Test Case:4.
testPasswordMaskedbutton started executing...<br/>Password is initially masked<br/>click on Toggle,password is unmasked<br/>testPasswordMaskedbutton got passed.</div></td></tr></table><p class="totop"><a href="#summary">back to summary</a></p>
<h3 id="m4">testCases.TC001_LoginAccount#testUIElementsPresence</h3><table class="result"><tr><th>Messages</th></tr><tr><td><div class="messages">Test Case:5.
testUIElementsPresence started executing...<br/>All Login elements are visible: 
userIDInput
passwordInput
LoginButton
PasswordVisibilityToggle <br/>testUIElementsPresence got passed.</div></td></tr></table><p class="totop"><a href="#summary">back to summary</a></p>
</body>
</html>
