<?xml version="1.0" encoding="UTF-8"?>
<testng-results ignored="0" total="5" passed="2" failed="3" skipped="0">
  <reporter-output>
    <line>
      <![CDATA[******* Test Case execution started ******]]>
    </line>
    <line>
      <![CDATA[Test Case:1.
testLoginButtonDisabledWhenFieldAreEmptyCase1 started executing...]]>
    </line>
    <line>
      <![CDATA[testLoginButtonDisabledWhenFieldAreEmptyCase1 got failed.]]>
    </line>
    <line>
      <![CDATA[--Taken screenshot:testLoginButtonDisabledWhenFieldAreEmptyCase1]]>
    </line>
    <line>
      <![CDATA[Test Case:2.
testErrorMessageWhenFieldAreEmptyAndLoginButtonEnabledCase2 started executing...]]>
    </line>
    <line>
      <![CDATA[testErrorMessageWhenFieldAreEmptyAndLoginButtonEnabledCase2 got failed.]]>
    </line>
    <line>
      <![CDATA[--Taken screenshot:testErrorMessageWhenFieldAreEmptyAndLoginButtonEnabledCase2]]>
    </line>
    <line>
      <![CDATA[Test Case:3.
testInvalidLoginShowErrorMsg started executing...]]>
    </line>
    <line>
      <![CDATA[Attempting login with Email: sNBOfG@gmail.com, Password: kesSkcwn]]>
    </line>
    <line>
      <![CDATA[testInvalidLoginShowErrorMsg got failed.]]>
    </line>
    <line>
      <![CDATA[--Taken screenshot:testInvalidLoginShowErrorMsg]]>
    </line>
    <line>
      <![CDATA[Test Case:4.
testPasswordMaskedbutton started executing...]]>
    </line>
    <line>
      <![CDATA[Password is initially masked]]>
    </line>
    <line>
      <![CDATA[click on Toggle,password is unmasked]]>
    </line>
    <line>
      <![CDATA[testPasswordMaskedbutton got passed.]]>
    </line>
    <line>
      <![CDATA[Test Case:5.
testUIElementsPresence started executing...]]>
    </line>
    <line>
      <![CDATA[All Login elements are visible: 
userIDInput
passwordInput
LoginButton
PasswordVisibilityToggle ]]>
    </line>
    <line>
      <![CDATA[testUIElementsPresence got passed.]]>
    </line>
  </reporter-output>
  <suite started-at="2025-08-04T20:20:29 IST" name="SuiteJanitri" finished-at="2025-08-04T20:23:00 IST" duration-ms="150124">
    <groups>
    </groups>
    <test started-at="2025-08-04T20:20:29 IST" name="FunctionalTesting" finished-at="2025-08-04T20:23:00 IST" duration-ms="150124">
      <class name="testCases.TC001_LoginAccount">
        <test-method is-config="true" signature="setup()[pri:0, instance:testCases.TC001_LoginAccount@1349883]" started-at="2025-08-04T20:20:31 IST" name="setup" finished-at="2025-08-04T20:20:49 IST" duration-ms="18485" status="PASS">
          <reporter-output>
          </reporter-output>
        </test-method> <!-- setup -->
        <test-method signature="testLoginButtonDisabledWhenFieldAreEmptyCase1()[pri:1, instance:testCases.TC001_LoginAccount@1349883]" started-at="2025-08-04T20:20:49 IST" name="testLoginButtonDisabledWhenFieldAreEmptyCase1" finished-at="2025-08-04T20:20:51 IST" duration-ms="1947" status="FAIL">
          <exception class="java.lang.AssertionError">
            <message>
              <![CDATA[Login credentials are empty, still Login button is enabled expected [false] but found [true]]]>
            </message>
            <full-stacktrace>
              <![CDATA[java.lang.AssertionError: Login credentials are empty, still Login button is enabled expected [false] but found [true]
at org.testng.Assert.fail(Assert.java:110)
at org.testng.Assert.failNotEquals(Assert.java:1577)
at org.testng.Assert.assertFalse(Assert.java:78)
at testCases.TC001_LoginAccount.testLoginButtonDisabledWhenFieldAreEmptyCase1(TC001_LoginAccount.java:48)
at java.base/jdk.internal.reflect.DirectMethodHandleAccessor.invoke(DirectMethodHandleAccessor.java:103)
at java.base/java.lang.reflect.Method.invoke(Method.java:580)
at org.testng.internal.invokers.MethodInvocationHelper.invokeMethod(MethodInvocationHelper.java:139)
at org.testng.internal.invokers.TestInvoker.invokeMethod(TestInvoker.java:677)
at org.testng.internal.invokers.TestInvoker.invokeTestMethod(TestInvoker.java:221)
at org.testng.internal.invokers.MethodRunner.runInSequence(MethodRunner.java:50)
at org.testng.internal.invokers.TestInvoker$MethodInvocationAgent.invoke(TestInvoker.java:969)
at org.testng.internal.invokers.TestInvoker.invokeTestMethods(TestInvoker.java:194)
at org.testng.internal.invokers.TestMethodWorker.invokeTestMethods(TestMethodWorker.java:148)
at org.testng.internal.invokers.TestMethodWorker.run(TestMethodWorker.java:128)
at java.base/java.util.ArrayList.forEach(ArrayList.java:1596)
at org.testng.TestRunner.privateRun(TestRunner.java:829)
at org.testng.TestRunner.run(TestRunner.java:602)
at org.testng.SuiteRunner.runTest(SuiteRunner.java:437)
at org.testng.SuiteRunner.runSequentially(SuiteRunner.java:431)
at org.testng.SuiteRunner.privateRun(SuiteRunner.java:391)
at org.testng.SuiteRunner.run(SuiteRunner.java:330)
at org.testng.SuiteRunnerWorker.runSuite(SuiteRunnerWorker.java:52)
at org.testng.SuiteRunnerWorker.run(SuiteRunnerWorker.java:95)
at org.testng.TestNG.runSuitesSequentially(TestNG.java:1256)
at org.testng.TestNG.runSuitesLocally(TestNG.java:1176)
at org.testng.TestNG.runSuites(TestNG.java:1099)
at org.testng.TestNG.run(TestNG.java:1067)
at org.testng.remote.AbstractRemoteTestNG.run(AbstractRemoteTestNG.java:115)
at org.testng.remote.RemoteTestNG.initAndRun(RemoteTestNG.java:251)
at org.testng.remote.RemoteTestNG.main(RemoteTestNG.java:77)
]]>
            </full-stacktrace>
          </exception> <!-- java.lang.AssertionError -->
          <reporter-output>
            <line>
              <![CDATA[Test Case:1.
testLoginButtonDisabledWhenFieldAreEmptyCase1 started executing...]]>
            </line>
            <line>
              <![CDATA[testLoginButtonDisabledWhenFieldAreEmptyCase1 got failed.]]>
            </line>
            <line>
              <![CDATA[--Taken screenshot:testLoginButtonDisabledWhenFieldAreEmptyCase1]]>
            </line>
          </reporter-output>
        </test-method> <!-- testLoginButtonDisabledWhenFieldAreEmptyCase1 -->
        <test-method is-config="true" signature="tearDown()[pri:0, instance:testCases.TC001_LoginAccount@1349883]" started-at="2025-08-04T20:20:52 IST" name="tearDown" finished-at="2025-08-04T20:20:53 IST" duration-ms="1063" status="PASS">
          <reporter-output>
          </reporter-output>
        </test-method> <!-- tearDown -->
        <test-method is-config="true" signature="setup()[pri:0, instance:testCases.TC001_LoginAccount@1349883]" started-at="2025-08-04T20:20:53 IST" name="setup" finished-at="2025-08-04T20:21:09 IST" duration-ms="15477" status="PASS">
          <reporter-output>
          </reporter-output>
        </test-method> <!-- setup -->
        <test-method signature="testErrorMessageWhenFieldAreEmptyAndLoginButtonEnabledCase2()[pri:2, instance:testCases.TC001_LoginAccount@1349883]" started-at="2025-08-04T20:21:09 IST" name="testErrorMessageWhenFieldAreEmptyAndLoginButtonEnabledCase2" finished-at="2025-08-04T20:21:40 IST" duration-ms="31557" status="FAIL">
          <exception class="org.openqa.selenium.ScriptTimeoutException">
            <message>
              <![CDATA[script timeout
  (Session info: chrome=138.0.7204.184)
Build info: version: '4.34.0', revision: '707dcb4246*'
System info: os.name: 'Windows 10', os.arch: 'amd64', os.version: '10.0', java.version: '21.0.1'
Driver info: org.openqa.selenium.chrome.ChromeDriver
Command: [e594f70c371d22f3ebe0bc30c1a7ef3c, executeAsyncScript {script=arguments[0].click();, args=[{element-6066-11e4-a52e-4f735466cecf=f.BD27BD1E4104C5AC05195677CBDDD76B.d.12E9603FF98F91389240507A489B3407.e.12}]}]
Capabilities {acceptInsecureCerts: false, browserName: chrome, browserVersion: 138.0.7204.184, chrome: {chromedriverVersion: 138.0.7204.183 (e90faf484dd..., userDataDir: C:\Users\UDAYAS~1\AppData\L...}, fedcm:accounts: true, goog:chromeOptions: {debuggerAddress: localhost:53828}, networkConnectionEnabled: false, pageLoadStrategy: normal, platformName: windows, proxy: Proxy(), se:cdp: ws://localhost:53828/devtoo..., se:cdpVersion: 138.0.7204.184, setWindowRect: true, strictFileInteractability: false, timeouts: {implicit: 0, pageLoad: 300000, script: 30000}, unhandledPromptBehavior: dismiss and notify, webauthn:extension:credBlob: true, webauthn:extension:largeBlob: true, webauthn:extension:minPinLength: true, webauthn:extension:prf: true, webauthn:virtualAuthenticators: true}
Session ID: e594f70c371d22f3ebe0bc30c1a7ef3c]]>
            </message>
            <full-stacktrace>
              <![CDATA[org.openqa.selenium.ScriptTimeoutException: script timeout
  (Session info: chrome=138.0.7204.184)
Build info: version: '4.34.0', revision: '707dcb4246*'
System info: os.name: 'Windows 10', os.arch: 'amd64', os.version: '10.0', java.version: '21.0.1'
Driver info: org.openqa.selenium.chrome.ChromeDriver
Command: [e594f70c371d22f3ebe0bc30c1a7ef3c, executeAsyncScript {script=arguments[0].click();, args=[{element-6066-11e4-a52e-4f735466cecf=f.BD27BD1E4104C5AC05195677CBDDD76B.d.12E9603FF98F91389240507A489B3407.e.12}]}]
Capabilities {acceptInsecureCerts: false, browserName: chrome, browserVersion: 138.0.7204.184, chrome: {chromedriverVersion: 138.0.7204.183 (e90faf484dd..., userDataDir: C:\Users\UDAYAS~1\AppData\L...}, fedcm:accounts: true, goog:chromeOptions: {debuggerAddress: localhost:53828}, networkConnectionEnabled: false, pageLoadStrategy: normal, platformName: windows, proxy: Proxy(), se:cdp: ws://localhost:53828/devtoo..., se:cdpVersion: 138.0.7204.184, setWindowRect: true, strictFileInteractability: false, timeouts: {implicit: 0, pageLoad: 300000, script: 30000}, unhandledPromptBehavior: dismiss and notify, webauthn:extension:credBlob: true, webauthn:extension:largeBlob: true, webauthn:extension:minPinLength: true, webauthn:extension:prf: true, webauthn:virtualAuthenticators: true}
Session ID: e594f70c371d22f3ebe0bc30c1a7ef3c
at java.base/jdk.internal.reflect.DirectConstructorHandleAccessor.newInstance(DirectConstructorHandleAccessor.java:62)
at java.base/java.lang.reflect.Constructor.newInstanceWithCaller(Constructor.java:502)
at java.base/java.lang.reflect.Constructor.newInstance(Constructor.java:486)
at org.openqa.selenium.remote.ErrorCodec.decode(ErrorCodec.java:167)
at org.openqa.selenium.remote.codec.w3c.W3CHttpResponseCodec.decode(W3CHttpResponseCodec.java:138)
at org.openqa.selenium.remote.codec.w3c.W3CHttpResponseCodec.decode(W3CHttpResponseCodec.java:50)
at org.openqa.selenium.remote.HttpCommandExecutor.execute(HttpCommandExecutor.java:215)
at org.openqa.selenium.remote.service.DriverCommandExecutor.invokeExecute(DriverCommandExecutor.java:216)
at org.openqa.selenium.remote.service.DriverCommandExecutor.execute(DriverCommandExecutor.java:174)
at org.openqa.selenium.remote.RemoteWebDriver.execute(RemoteWebDriver.java:544)
at org.openqa.selenium.remote.RemoteWebDriver.executeAsyncScript(RemoteWebDriver.java:483)
at pageObjects.LoginPage.clickLoginButton(LoginPage.java:75)
at testCases.TC001_LoginAccount.testErrorMessageWhenFieldAreEmptyAndLoginButtonEnabledCase2(TC001_LoginAccount.java:59)
at java.base/jdk.internal.reflect.DirectMethodHandleAccessor.invoke(DirectMethodHandleAccessor.java:103)
at java.base/java.lang.reflect.Method.invoke(Method.java:580)
at org.testng.internal.invokers.MethodInvocationHelper.invokeMethod(MethodInvocationHelper.java:139)
at org.testng.internal.invokers.TestInvoker.invokeMethod(TestInvoker.java:677)
at org.testng.internal.invokers.TestInvoker.invokeTestMethod(TestInvoker.java:221)
at org.testng.internal.invokers.MethodRunner.runInSequence(MethodRunner.java:50)
at org.testng.internal.invokers.TestInvoker$MethodInvocationAgent.invoke(TestInvoker.java:969)
at org.testng.internal.invokers.TestInvoker.invokeTestMethods(TestInvoker.java:194)
at org.testng.internal.invokers.TestMethodWorker.invokeTestMethods(TestMethodWorker.java:148)
at org.testng.internal.invokers.TestMethodWorker.run(TestMethodWorker.java:128)
at java.base/java.util.ArrayList.forEach(ArrayList.java:1596)
at org.testng.TestRunner.privateRun(TestRunner.java:829)
at org.testng.TestRunner.run(TestRunner.java:602)
at org.testng.SuiteRunner.runTest(SuiteRunner.java:437)
at org.testng.SuiteRunner.runSequentially(SuiteRunner.java:431)
at org.testng.SuiteRunner.privateRun(SuiteRunner.java:391)
at org.testng.SuiteRunner.run(SuiteRunner.java:330)
at org.testng.SuiteRunnerWorker.runSuite(SuiteRunnerWorker.java:52)
at org.testng.SuiteRunnerWorker.run(SuiteRunnerWorker.java:95)
at org.testng.TestNG.runSuitesSequentially(TestNG.java:1256)
at org.testng.TestNG.runSuitesLocally(TestNG.java:1176)
at org.testng.TestNG.runSuites(TestNG.java:1099)
at org.testng.TestNG.run(TestNG.java:1067)
at org.testng.remote.AbstractRemoteTestNG.run(AbstractRemoteTestNG.java:115)
at org.testng.remote.RemoteTestNG.initAndRun(RemoteTestNG.java:251)
at org.testng.remote.RemoteTestNG.main(RemoteTestNG.java:77)
]]>
            </full-stacktrace>
          </exception> <!-- org.openqa.selenium.ScriptTimeoutException -->
          <reporter-output>
            <line>
              <![CDATA[Test Case:2.
testErrorMessageWhenFieldAreEmptyAndLoginButtonEnabledCase2 started executing...]]>
            </line>
            <line>
              <![CDATA[testErrorMessageWhenFieldAreEmptyAndLoginButtonEnabledCase2 got failed.]]>
            </line>
            <line>
              <![CDATA[--Taken screenshot:testErrorMessageWhenFieldAreEmptyAndLoginButtonEnabledCase2]]>
            </line>
          </reporter-output>
        </test-method> <!-- testErrorMessageWhenFieldAreEmptyAndLoginButtonEnabledCase2 -->
        <test-method is-config="true" signature="tearDown()[pri:0, instance:testCases.TC001_LoginAccount@1349883]" started-at="2025-08-04T20:21:41 IST" name="tearDown" finished-at="2025-08-04T20:21:42 IST" duration-ms="1431" status="PASS">
          <reporter-output>
          </reporter-output>
        </test-method> <!-- tearDown -->
        <test-method is-config="true" signature="setup()[pri:0, instance:testCases.TC001_LoginAccount@1349883]" started-at="2025-08-04T20:21:42 IST" name="setup" finished-at="2025-08-04T20:21:52 IST" duration-ms="9301" status="PASS">
          <reporter-output>
          </reporter-output>
        </test-method> <!-- setup -->
        <test-method signature="testInvalidLoginShowErrorMsg()[pri:3, instance:testCases.TC001_LoginAccount@1349883]" started-at="2025-08-04T20:21:52 IST" name="testInvalidLoginShowErrorMsg" finished-at="2025-08-04T20:22:24 IST" duration-ms="32386" status="FAIL">
          <exception class="org.openqa.selenium.ScriptTimeoutException">
            <message>
              <![CDATA[script timeout
  (Session info: chrome=138.0.7204.184)
Build info: version: '4.34.0', revision: '707dcb4246*'
System info: os.name: 'Windows 10', os.arch: 'amd64', os.version: '10.0', java.version: '21.0.1'
Driver info: org.openqa.selenium.chrome.ChromeDriver
Command: [c4bd99a3aca8d90bcb073ce90bee4d17, executeAsyncScript {script=arguments[0].click();, args=[{element-6066-11e4-a52e-4f735466cecf=f.1CD503A066ECF0F94CF72DAC7F5B9540.d.90469ABDCD614F7EBB2D1BCE47BB7F7F.e.9}]}]
Capabilities {acceptInsecureCerts: false, browserName: chrome, browserVersion: 138.0.7204.184, chrome: {chromedriverVersion: 138.0.7204.183 (e90faf484dd..., userDataDir: C:\Users\UDAYAS~1\AppData\L...}, fedcm:accounts: true, goog:chromeOptions: {debuggerAddress: localhost:53872}, networkConnectionEnabled: false, pageLoadStrategy: normal, platformName: windows, proxy: Proxy(), se:cdp: ws://localhost:53872/devtoo..., se:cdpVersion: 138.0.7204.184, setWindowRect: true, strictFileInteractability: false, timeouts: {implicit: 0, pageLoad: 300000, script: 30000}, unhandledPromptBehavior: dismiss and notify, webauthn:extension:credBlob: true, webauthn:extension:largeBlob: true, webauthn:extension:minPinLength: true, webauthn:extension:prf: true, webauthn:virtualAuthenticators: true}
Session ID: c4bd99a3aca8d90bcb073ce90bee4d17]]>
            </message>
            <full-stacktrace>
              <![CDATA[org.openqa.selenium.ScriptTimeoutException: script timeout
  (Session info: chrome=138.0.7204.184)
Build info: version: '4.34.0', revision: '707dcb4246*'
System info: os.name: 'Windows 10', os.arch: 'amd64', os.version: '10.0', java.version: '21.0.1'
Driver info: org.openqa.selenium.chrome.ChromeDriver
Command: [c4bd99a3aca8d90bcb073ce90bee4d17, executeAsyncScript {script=arguments[0].click();, args=[{element-6066-11e4-a52e-4f735466cecf=f.1CD503A066ECF0F94CF72DAC7F5B9540.d.90469ABDCD614F7EBB2D1BCE47BB7F7F.e.9}]}]
Capabilities {acceptInsecureCerts: false, browserName: chrome, browserVersion: 138.0.7204.184, chrome: {chromedriverVersion: 138.0.7204.183 (e90faf484dd..., userDataDir: C:\Users\UDAYAS~1\AppData\L...}, fedcm:accounts: true, goog:chromeOptions: {debuggerAddress: localhost:53872}, networkConnectionEnabled: false, pageLoadStrategy: normal, platformName: windows, proxy: Proxy(), se:cdp: ws://localhost:53872/devtoo..., se:cdpVersion: 138.0.7204.184, setWindowRect: true, strictFileInteractability: false, timeouts: {implicit: 0, pageLoad: 300000, script: 30000}, unhandledPromptBehavior: dismiss and notify, webauthn:extension:credBlob: true, webauthn:extension:largeBlob: true, webauthn:extension:minPinLength: true, webauthn:extension:prf: true, webauthn:virtualAuthenticators: true}
Session ID: c4bd99a3aca8d90bcb073ce90bee4d17
at java.base/jdk.internal.reflect.DirectConstructorHandleAccessor.newInstance(DirectConstructorHandleAccessor.java:62)
at java.base/java.lang.reflect.Constructor.newInstanceWithCaller(Constructor.java:502)
at java.base/java.lang.reflect.Constructor.newInstance(Constructor.java:486)
at org.openqa.selenium.remote.ErrorCodec.decode(ErrorCodec.java:167)
at org.openqa.selenium.remote.codec.w3c.W3CHttpResponseCodec.decode(W3CHttpResponseCodec.java:138)
at org.openqa.selenium.remote.codec.w3c.W3CHttpResponseCodec.decode(W3CHttpResponseCodec.java:50)
at org.openqa.selenium.remote.HttpCommandExecutor.execute(HttpCommandExecutor.java:215)
at org.openqa.selenium.remote.service.DriverCommandExecutor.invokeExecute(DriverCommandExecutor.java:216)
at org.openqa.selenium.remote.service.DriverCommandExecutor.execute(DriverCommandExecutor.java:174)
at org.openqa.selenium.remote.RemoteWebDriver.execute(RemoteWebDriver.java:544)
at org.openqa.selenium.remote.RemoteWebDriver.executeAsyncScript(RemoteWebDriver.java:483)
at pageObjects.LoginPage.clickLoginButton(LoginPage.java:75)
at testCases.TC001_LoginAccount.testInvalidLoginShowErrorMsg(TC001_LoginAccount.java:77)
at java.base/jdk.internal.reflect.DirectMethodHandleAccessor.invoke(DirectMethodHandleAccessor.java:103)
at java.base/java.lang.reflect.Method.invoke(Method.java:580)
at org.testng.internal.invokers.MethodInvocationHelper.invokeMethod(MethodInvocationHelper.java:139)
at org.testng.internal.invokers.TestInvoker.invokeMethod(TestInvoker.java:677)
at org.testng.internal.invokers.TestInvoker.invokeTestMethod(TestInvoker.java:221)
at org.testng.internal.invokers.MethodRunner.runInSequence(MethodRunner.java:50)
at org.testng.internal.invokers.TestInvoker$MethodInvocationAgent.invoke(TestInvoker.java:969)
at org.testng.internal.invokers.TestInvoker.invokeTestMethods(TestInvoker.java:194)
at org.testng.internal.invokers.TestMethodWorker.invokeTestMethods(TestMethodWorker.java:148)
at org.testng.internal.invokers.TestMethodWorker.run(TestMethodWorker.java:128)
at java.base/java.util.ArrayList.forEach(ArrayList.java:1596)
at org.testng.TestRunner.privateRun(TestRunner.java:829)
at org.testng.TestRunner.run(TestRunner.java:602)
at org.testng.SuiteRunner.runTest(SuiteRunner.java:437)
at org.testng.SuiteRunner.runSequentially(SuiteRunner.java:431)
at org.testng.SuiteRunner.privateRun(SuiteRunner.java:391)
at org.testng.SuiteRunner.run(SuiteRunner.java:330)
at org.testng.SuiteRunnerWorker.runSuite(SuiteRunnerWorker.java:52)
at org.testng.SuiteRunnerWorker.run(SuiteRunnerWorker.java:95)
at org.testng.TestNG.runSuitesSequentially(TestNG.java:1256)
at org.testng.TestNG.runSuitesLocally(TestNG.java:1176)
at org.testng.TestNG.runSuites(TestNG.java:1099)
at org.testng.TestNG.run(TestNG.java:1067)
at org.testng.remote.AbstractRemoteTestNG.run(AbstractRemoteTestNG.java:115)
at org.testng.remote.RemoteTestNG.initAndRun(RemoteTestNG.java:251)
at org.testng.remote.RemoteTestNG.main(RemoteTestNG.java:77)
]]>
            </full-stacktrace>
          </exception> <!-- org.openqa.selenium.ScriptTimeoutException -->
          <reporter-output>
            <line>
              <![CDATA[Test Case:3.
testInvalidLoginShowErrorMsg started executing...]]>
            </line>
            <line>
              <![CDATA[Attempting login with Email: sNBOfG@gmail.com, Password: kesSkcwn]]>
            </line>
            <line>
              <![CDATA[testInvalidLoginShowErrorMsg got failed.]]>
            </line>
            <line>
              <![CDATA[--Taken screenshot:testInvalidLoginShowErrorMsg]]>
            </line>
          </reporter-output>
        </test-method> <!-- testInvalidLoginShowErrorMsg -->
        <test-method is-config="true" signature="tearDown()[pri:0, instance:testCases.TC001_LoginAccount@1349883]" started-at="2025-08-04T20:22:24 IST" name="tearDown" finished-at="2025-08-04T20:22:26 IST" duration-ms="1140" status="PASS">
          <reporter-output>
          </reporter-output>
        </test-method> <!-- tearDown -->
        <test-method is-config="true" signature="setup()[pri:0, instance:testCases.TC001_LoginAccount@1349883]" started-at="2025-08-04T20:22:26 IST" name="setup" finished-at="2025-08-04T20:22:38 IST" duration-ms="12081" status="PASS">
          <reporter-output>
          </reporter-output>
        </test-method> <!-- setup -->
        <test-method signature="testPasswordMaskedbutton()[pri:4, instance:testCases.TC001_LoginAccount@1349883]" started-at="2025-08-04T20:22:38 IST" name="testPasswordMaskedbutton" finished-at="2025-08-04T20:22:42 IST" duration-ms="4201" status="PASS">
          <reporter-output>
            <line>
              <![CDATA[Test Case:4.
testPasswordMaskedbutton started executing...]]>
            </line>
            <line>
              <![CDATA[Password is initially masked]]>
            </line>
            <line>
              <![CDATA[click on Toggle,password is unmasked]]>
            </line>
            <line>
              <![CDATA[testPasswordMaskedbutton got passed.]]>
            </line>
          </reporter-output>
        </test-method> <!-- testPasswordMaskedbutton -->
        <test-method is-config="true" signature="tearDown()[pri:0, instance:testCases.TC001_LoginAccount@1349883]" started-at="2025-08-04T20:22:42 IST" name="tearDown" finished-at="2025-08-04T20:22:46 IST" duration-ms="4014" status="PASS">
          <reporter-output>
          </reporter-output>
        </test-method> <!-- tearDown -->
        <test-method is-config="true" signature="setup()[pri:0, instance:testCases.TC001_LoginAccount@1349883]" started-at="2025-08-04T20:22:46 IST" name="setup" finished-at="2025-08-04T20:22:54 IST" duration-ms="7993" status="PASS">
          <reporter-output>
          </reporter-output>
        </test-method> <!-- setup -->
        <test-method signature="testUIElementsPresence()[pri:5, instance:testCases.TC001_LoginAccount@1349883]" started-at="2025-08-04T20:22:54 IST" name="testUIElementsPresence" finished-at="2025-08-04T20:22:58 IST" duration-ms="3987" status="PASS">
          <reporter-output>
            <line>
              <![CDATA[Test Case:5.
testUIElementsPresence started executing...]]>
            </line>
            <line>
              <![CDATA[All Login elements are visible: 
userIDInput
passwordInput
LoginButton
PasswordVisibilityToggle ]]>
            </line>
            <line>
              <![CDATA[testUIElementsPresence got passed.]]>
            </line>
          </reporter-output>
        </test-method> <!-- testUIElementsPresence -->
        <test-method is-config="true" signature="tearDown()[pri:0, instance:testCases.TC001_LoginAccount@1349883]" started-at="2025-08-04T20:22:58 IST" name="tearDown" finished-at="2025-08-04T20:23:00 IST" duration-ms="1655" status="PASS">
          <reporter-output>
          </reporter-output>
        </test-method> <!-- tearDown -->
      </class> <!-- testCases.TC001_LoginAccount -->
    </test> <!-- FunctionalTesting -->
  </suite> <!-- SuiteJanitri -->
</testng-results>
